<?xml version="1.0" encoding="UTF-8"?>
<robot generated="20170908 12:44:05.795" generator="Robot 3.0.2 (Python 2.7.12 on linux2)">
<suite source="/home/oviney/robotframework/Sample1/testsuites/selenium_speedtest_no2.robot" id="s1" name="Selenium Speedtest No2">
<test id="s1-t1" name="Check the speed of your broadband">
<kw name="Open Browser to Landing Page" library="common">
<arguments>
<arg>${SERVER}</arg>
<arg>${BROWSER}</arg>
<arg>id=speed-value</arg>
</arguments>
<kw name="Start Browser" library="common">
<doc>Start firefox browser on Selenium Grid</doc>
<arguments>
<arg>${SERVER}</arg>
<arg>${BROWSER}</arg>
</arguments>
<kw name="Open Browser" library="Selenium2Library">
<doc>Opens a new browser instance to given URL.</doc>
<arguments>
<arg>${SERVER}</arg>
<arg>${BROWSER}</arg>
<arg>None</arg>
<arg>${HUB_URL}</arg>
</arguments>
<msg timestamp="20170908 12:44:05.888" level="INFO">Opening browser 'chrome' to base url 'http://www.fast.com' through remote server at 'http://192.168.86.88:4444/wd/hub'</msg>
<status status="PASS" endtime="20170908 12:44:07.246" starttime="20170908 12:44:05.888"></status>
</kw>
<status status="PASS" endtime="20170908 12:44:07.247" starttime="20170908 12:44:05.887"></status>
</kw>
<kw name="Set Selenium Speed" library="Selenium2Library">
<doc>Sets the delay in seconds that is waited after each Selenium command.</doc>
<arguments>
<arg>${DELAY}</arg>
</arguments>
<status status="PASS" endtime="20170908 12:44:07.247" starttime="20170908 12:44:07.247"></status>
</kw>
<kw name="Wait Until Page Contains Element" library="Selenium2Library">
<doc>Waits until element specified with `locator` appears on current page.</doc>
<arguments>
<arg>${SELECTOR}</arg>
</arguments>
<status status="PASS" endtime="20170908 12:44:07.306" starttime="20170908 12:44:07.247"></status>
</kw>
<status status="PASS" endtime="20170908 12:44:07.306" starttime="20170908 12:44:05.887"></status>
</kw>
<kw name="Wait Until Element Is Visible" library="Selenium2Library">
<doc>Waits until element specified with `locator` is visible.</doc>
<arguments>
<arg>css=#speed-units</arg>
</arguments>
<status status="PASS" endtime="20170908 12:44:07.394" starttime="20170908 12:44:07.306"></status>
</kw>
<kw name="Wait Until Element Is Visible" library="Selenium2Library">
<doc>Waits until element specified with `locator` is visible.</doc>
<arguments>
<arg>css=#speed-value</arg>
</arguments>
<status status="PASS" endtime="20170908 12:44:07.486" starttime="20170908 12:44:07.394"></status>
</kw>
<kw name="Capture Page Screenshot" library="Selenium2Library">
<doc>Takes a screenshot of the current page and embeds it into the log.</doc>
<msg timestamp="20170908 12:44:07.716" html="yes" level="INFO">&lt;/td&gt;&lt;/tr&gt;&lt;tr&gt;&lt;td colspan="3"&gt;&lt;a href="selenium-screenshot-1.png"&gt;&lt;img src="selenium-screenshot-1.png" width="800px"&gt;&lt;/a&gt;</msg>
<status status="PASS" endtime="20170908 12:44:07.716" starttime="20170908 12:44:07.487"></status>
</kw>
<kw name="Click Element" library="Selenium2Library">
<doc>Click element identified by `locator`.</doc>
<arguments>
<arg>css=#speed-progress-indicator-icon</arg>
</arguments>
<msg timestamp="20170908 12:44:07.717" level="INFO">Clicking element 'css=#speed-progress-indicator-icon'.</msg>
<kw name="Capture Page Screenshot" library="Selenium2Library">
<doc>Takes a screenshot of the current page and embeds it into the log.</doc>
<msg timestamp="20170908 12:44:08.369" html="yes" level="INFO">&lt;/td&gt;&lt;/tr&gt;&lt;tr&gt;&lt;td colspan="3"&gt;&lt;a href="selenium-screenshot-2.png"&gt;&lt;img src="selenium-screenshot-2.png" width="800px"&gt;&lt;/a&gt;</msg>
<status status="PASS" endtime="20170908 12:44:08.369" starttime="20170908 12:44:08.166"></status>
</kw>
<msg timestamp="20170908 12:44:08.370" level="FAIL">WebDriverException: Message: unknown error: Element &lt;span class="oc-icon oc-icon-pause speed-progress-indicator-icon" id="speed-progress-indicator-icon"&gt;...&lt;/span&gt; is not clickable at point (842, 460). Other element would receive the click: &lt;div class="spinner"&gt;...&lt;/div&gt;
  (Session info: chrome=60.0.3112.113)
  (Driver info: chromedriver=2.32.498513 (2c63aa53b2c658de596ed550eb5267ec5967b351),platform=Linux 3.16.0-4-amd64 x86_64) (WARNING: The server did not provide any stacktrace information)
Command duration or timeout: 89 milliseconds
Build info: version: '3.1.0', revision: '86a5d70', time: '2017-02-16 07:57:44 -0800'
System info: host: 'jenkins', ip: '127.0.1.1', os.name: 'Linux', os.arch: 'amd64', os.version: '3.16.0-4-amd64', java.version: '1.8.0_131'
Driver info: org.openqa.selenium.chrome.ChromeDriver
Capabilities [{applicationCacheEnabled=false, rotatable=false, mobileEmulationEnabled=false, networkConnectionEnabled=false, chrome={chromedriverVersion=2.32.498513 (2c63aa53b2c658de596ed550eb5267ec5967b351), userDataDir=/tmp/.org.chromium.Chromium.1dxNF1}, takesHeapSnapshot=true, pageLoadStrategy=normal, databaseEnabled=false, handlesAlerts=true, hasTouchScreen=false, version=60.0.3112.113, platform=LINUX, browserConnectionEnabled=false, nativeEvents=true, acceptSslCerts=true, locationContextEnabled=true, webStorageEnabled=true, browserName=chrome, takesScreenshot=true, javascriptEnabled=true, cssSelectorsEnabled=true, setWindowRect=true, unexpectedAlertBehaviour=}]
Session ID: cbf3d2f9f1397a39b4150dfbb997c36d
Screenshot: available via screen
Stacktrace:
    at sun.reflect.NativeConstructorAccessorImpl.newInstance0 (NativeConstructorAccessorImpl.java:-2)
    at sun.reflect.NativeConstructorAccessorImpl.newInstance (NativeConstructorAccessorImpl.java:62)
    at sun.reflect.DelegatingConstructorAccessorImpl.newInstance (DelegatingConstructorAccessorImpl.java:45)
    at java.lang.reflect.Constructor.newInstance (Constructor.java:423)
    at org.openqa.selenium.remote.ErrorHandler.createThrowable (ErrorHandler.java:216)
    at org.openqa.selenium.remote.ErrorHandler.throwIfResponseFailed (ErrorHandler.java:168)
    at org.openqa.selenium.remote.RemoteWebDriver.execute (RemoteWebDriver.java:635)
    at org.openqa.selenium.remote.RemoteWebElement.execute (RemoteWebElement.java:274)
    at org.openqa.selenium.remote.RemoteWebElement.click (RemoteWebElement.java:84)
    at sun.reflect.GeneratedMethodAccessor34.invoke (None:-1)
    at sun.reflect.DelegatingMethodAccessorImpl.invoke (DelegatingMethodAccessorImpl.java:43)
    at java.lang.reflect.Method.invoke (Method.java:498)
    at org.openqa.selenium.support.events.EventFiringWebDriver$EventFiringWebElement$1.invoke (EventFiringWebDriver.java:332)
    at com.sun.proxy.$Proxy12.click (None:-1)
    at org.openqa.selenium.support.events.EventFiringWebDriver$EventFiringWebElement.click (EventFiringWebDriver.java:345)
    at sun.reflect.GeneratedMethodAccessor34.invoke (None:-1)
    at sun.reflect.DelegatingMethodAccessorImpl.invoke (DelegatingMethodAccessorImpl.java:43)
    at java.lang.reflect.Method.invoke (Method.java:498)
    at org.openqa.selenium.remote.server.KnownElements$1.invoke (KnownElements.java:64)
    at com.sun.proxy.$Proxy13.click (None:-1)
    at org.openqa.selenium.remote.server.handler.ClickElement.call (ClickElement.java:30)
    at org.openqa.selenium.remote.server.handler.ClickElement.call (ClickElement.java:22)
    at java.util.concurrent.FutureTask.run (FutureTask.java:266)
    at org.openqa.selenium.remote.server.DefaultSession$1.run (DefaultSession.java:176)
    at java.util.concurrent.ThreadPoolExecutor.runWorker (ThreadPoolExecutor.java:1142)
    at java.util.concurrent.ThreadPoolExecutor$Worker.run (ThreadPoolExecutor.java:617)
    at java.lang.Thread.run (Thread.java:748)</msg>
<status status="FAIL" endtime="20170908 12:44:08.371" starttime="20170908 12:44:07.717"></status>
</kw>
<status status="FAIL" endtime="20170908 12:44:08.371" critical="yes" starttime="20170908 12:44:05.886">WebDriverException: Message: unknown error: Element &lt;span class="oc-icon oc-icon-pause speed-progress-indicator-icon" id="speed-progress-indicator-icon"&gt;...&lt;/span&gt; is not clickable at point (842, 460). Other element would receive the click: &lt;div class="spinner"&gt;...&lt;/div&gt;
  (Session info: chrome=60.0.3112.113)
  (Driver info: chromedriver=2.32.498513 (2c63aa53b2c658de596ed550eb5267ec5967b351),platform=Linux 3.16.0-4-amd64 x86_64) (WARNING: The server did not provide any stacktrace information)
Command duration or timeout: 89 milliseconds
Build info: version: '3.1.0', revision: '86a5d70', time: '2017-02-16 07:57:44 -0800'
System info: host: 'jenkins', ip: '127.0.1.1', os.name: 'Linux', os.arch: 'amd64', os.version: '3.16.0-4-amd64', java.version: '1.8.0_131'
Driver info: org.openqa.selenium.chrome.ChromeDriver
Capabilities [{applicationCacheEnabled=false, rotatable=false, mobileEmulationEnabled=false, networkConnectionEnabled=false, chrome={chromedriverVersion=2.32.498513 (2c63aa53b2c658de596ed550eb5267ec5967b351), userDataDir=/tmp/.org.chromium.Chromium.1dxNF1}, takesHeapSnapshot=true, pageLoadStrategy=normal, databaseEnabled=false, handlesAlerts=true, hasTouchScreen=false, version=60.0.3112.113, platform=LINUX, browserConnectionEnabled=false, nativeEvents=true, acc...
    [ Message content over the limit has been removed. ]
...FiringWebDriver$EventFiringWebElement.click (EventFiringWebDriver.java:345)
    at sun.reflect.GeneratedMethodAccessor34.invoke (None:-1)
    at sun.reflect.DelegatingMethodAccessorImpl.invoke (DelegatingMethodAccessorImpl.java:43)
    at java.lang.reflect.Method.invoke (Method.java:498)
    at org.openqa.selenium.remote.server.KnownElements$1.invoke (KnownElements.java:64)
    at com.sun.proxy.$Proxy13.click (None:-1)
    at org.openqa.selenium.remote.server.handler.ClickElement.call (ClickElement.java:30)
    at org.openqa.selenium.remote.server.handler.ClickElement.call (ClickElement.java:22)
    at java.util.concurrent.FutureTask.run (FutureTask.java:266)
    at org.openqa.selenium.remote.server.DefaultSession$1.run (DefaultSession.java:176)
    at java.util.concurrent.ThreadPoolExecutor.runWorker (ThreadPoolExecutor.java:1142)
    at java.util.concurrent.ThreadPoolExecutor$Worker.run (ThreadPoolExecutor.java:617)
    at java.lang.Thread.run (Thread.java:748)</status>
</test>
<doc>Speed test</doc>
<status status="FAIL" endtime="20170908 12:44:08.372" starttime="20170908 12:44:05.796"></status>
</suite>
<statistics>
<total>
<stat fail="1" pass="0">Critical Tests</stat>
<stat fail="1" pass="0">All Tests</stat>
</total>
<tag>
</tag>
<suite>
<stat fail="1" id="s1" name="Selenium Speedtest No2" pass="0">Selenium Speedtest No2</stat>
</suite>
</statistics>
<errors>
</errors>
</robot>
